This is pdfTeX, Version 3.141592653-2.6-1.40.24 (TeX Live 2022) (preloaded format=pdflatex 2022.9.4)  5 SEP 2022 18:15
entering extended mode
 restricted \write18 enabled.
 %&-line parsing enabled.
**FigyTab_PrimerInforme.tex
(./FigyTab_PrimerInforme.tex
LaTeX2e <2022-06-01> patch level 5
L3 programming layer <2022-08-30> (/Users/mariajosezunigabasualto/Library/TinyTeX/texmf-dist/tex/latex/base/article.cls
Document Class: article 2021/10/04 v1.4n Standard LaTeX document class
(/Users/mariajosezunigabasualto/Library/TinyTeX/texmf-dist/tex/latex/base/size10.clo
File: size10.clo 2021/10/04 v1.4n Standard LaTeX file (size option)
)
\c@part=\count185
\c@section=\count186
\c@subsection=\count187
\c@subsubsection=\count188
\c@paragraph=\count189
\c@subparagraph=\count190
\c@figure=\count191
\c@table=\count192
\abovecaptionskip=\skip47
\belowcaptionskip=\skip48
\bibindent=\dimen138
) (/Users/mariajosezunigabasualto/Library/TinyTeX/texmf-dist/tex/latex/lm/lmodern.sty
Package: lmodern 2015/05/01 v1.6.1 Latin Modern Fonts
LaTeX Font Info:    Overwriting symbol font `operators' in version `normal'
(Font)                  OT1/cmr/m/n --> OT1/lmr/m/n on input line 22.
LaTeX Font Info:    Overwriting symbol font `letters' in version `normal'
(Font)                  OML/cmm/m/it --> OML/lmm/m/it on input line 23.
LaTeX Font Info:    Overwriting symbol font `symbols' in version `normal'
(Font)                  OMS/cmsy/m/n --> OMS/lmsy/m/n on input line 24.
LaTeX Font Info:    Overwriting symbol font `largesymbols' in version `normal'
(Font)                  OMX/cmex/m/n --> OMX/lmex/m/n on input line 25.
LaTeX Font Info:    Overwriting symbol font `operators' in version `bold'
(Font)                  OT1/cmr/bx/n --> OT1/lmr/bx/n on input line 26.
LaTeX Font Info:    Overwriting symbol font `letters' in version `bold'
(Font)                  OML/cmm/b/it --> OML/lmm/b/it on input line 27.
LaTeX Font Info:    Overwriting symbol font `symbols' in version `bold'
(Font)                  OMS/cmsy/b/n --> OMS/lmsy/b/n on input line 28.
LaTeX Font Info:    Overwriting symbol font `largesymbols' in version `bold'
(Font)                  OMX/cmex/m/n --> OMX/lmex/m/n on input line 29.
LaTeX Font Info:    Overwriting math alphabet `\mathbf' in version `normal'
(Font)                  OT1/cmr/bx/n --> OT1/lmr/bx/n on input line 31.
LaTeX Font Info:    Overwriting math alphabet `\mathsf' in version `normal'
(Font)                  OT1/cmss/m/n --> OT1/lmss/m/n on input line 32.
LaTeX Font Info:    Overwriting math alphabet `\mathit' in version `normal'
(Font)                  OT1/cmr/m/it --> OT1/lmr/m/it on input line 33.
LaTeX Font Info:    Overwriting math alphabet `\mathtt' in version `normal'
(Font)                  OT1/cmtt/m/n --> OT1/lmtt/m/n on input line 34.
LaTeX Font Info:    Overwriting math alphabet `\mathbf' in version `bold'
(Font)                  OT1/cmr/bx/n --> OT1/lmr/bx/n on input line 35.
LaTeX Font Info:    Overwriting math alphabet `\mathsf' in version `bold'
(Font)                  OT1/cmss/bx/n --> OT1/lmss/bx/n on input line 36.
LaTeX Font Info:    Overwriting math alphabet `\mathit' in version `bold'
(Font)                  OT1/cmr/bx/it --> OT1/lmr/bx/it on input line 37.
LaTeX Font Info:    Overwriting math alphabet `\mathtt' in version `bold'
(Font)                  OT1/cmtt/m/n --> OT1/lmtt/m/n on input line 38.
) (/Users/mariajosezunigabasualto/Library/TinyTeX/texmf-dist/tex/latex/amsfonts/amssymb.sty
Package: amssymb 2013/01/14 v3.01 AMS font symbols
(/Users/mariajosezunigabasualto/Library/TinyTeX/texmf-dist/tex/latex/amsfonts/amsfonts.sty
Package: amsfonts 2013/01/14 v3.01 Basic AMSFonts support
\@emptytoks=\toks16
\symAMSa=\mathgroup4
\symAMSb=\mathgroup5
LaTeX Font Info:    Redeclaring math symbol \hbar on input line 98.
LaTeX Font Info:    Overwriting math alphabet `\mathfrak' in version `bold'
(Font)                  U/euf/m/n --> U/euf/b/n on input line 106.
)) (/Users/mariajosezunigabasualto/Library/TinyTeX/texmf-dist/tex/latex/amsmath/amsmath.sty
Package: amsmath 2022/04/08 v2.17n AMS math features
\@mathmargin=\skip49
For additional information on amsmath, use the `?' option.
(/Users/mariajosezunigabasualto/Library/TinyTeX/texmf-dist/tex/latex/amsmath/amstext.sty
Package: amstext 2021/08/26 v2.01 AMS text
(/Users/mariajosezunigabasualto/Library/TinyTeX/texmf-dist/tex/latex/amsmath/amsgen.sty
File: amsgen.sty 1999/11/30 v2.0 generic functions
\@emptytoks=\toks17
\ex@=\dimen139
)) (/Users/mariajosezunigabasualto/Library/TinyTeX/texmf-dist/tex/latex/amsmath/amsbsy.sty
Package: amsbsy 1999/11/29 v1.2d Bold Symbols
\pmbraise@=\dimen140
) (/Users/mariajosezunigabasualto/Library/TinyTeX/texmf-dist/tex/latex/amsmath/amsopn.sty
Package: amsopn 2022/04/08 v2.04 operator names
)
\inf@bad=\count193
LaTeX Info: Redefining \frac on input line 234.
\uproot@=\count194
\leftroot@=\count195
LaTeX Info: Redefining \overline on input line 399.
LaTeX Info: Redefining \colon on input line 410.
\classnum@=\count196
\DOTSCASE@=\count197
LaTeX Info: Redefining \ldots on input line 496.
LaTeX Info: Redefining \dots on input line 499.
LaTeX Info: Redefining \cdots on input line 620.
\Mathstrutbox@=\box51
\strutbox@=\box52
LaTeX Info: Redefining \big on input line 722.
LaTeX Info: Redefining \Big on input line 723.
LaTeX Info: Redefining \bigg on input line 724.
LaTeX Info: Redefining \Bigg on input line 725.
\big@size=\dimen141
LaTeX Font Info:    Redeclaring font encoding OML on input line 743.
LaTeX Font Info:    Redeclaring font encoding OMS on input line 744.
\macc@depth=\count198
LaTeX Info: Redefining \bmod on input line 905.
LaTeX Info: Redefining \pmod on input line 910.
LaTeX Info: Redefining \smash on input line 940.
LaTeX Info: Redefining \relbar on input line 970.
LaTeX Info: Redefining \Relbar on input line 971.
\c@MaxMatrixCols=\count199
\dotsspace@=\muskip16
\c@parentequation=\count266
\dspbrk@lvl=\count267
\tag@help=\toks18
\row@=\count268
\column@=\count269
\maxfields@=\count270
\andhelp@=\toks19
\eqnshift@=\dimen142
\alignsep@=\dimen143
\tagshift@=\dimen144
\tagwidth@=\dimen145
\totwidth@=\dimen146
\lineht@=\dimen147
\@envbody=\toks20
\multlinegap=\skip50
\multlinetaggap=\skip51
\mathdisplay@stack=\toks21
LaTeX Info: Redefining \[ on input line 2953.
LaTeX Info: Redefining \] on input line 2954.
) (/Users/mariajosezunigabasualto/Library/TinyTeX/texmf-dist/tex/generic/iftex/ifxetex.sty
Package: ifxetex 2019/10/25 v0.7 ifxetex legacy package. Use iftex instead.
(/Users/mariajosezunigabasualto/Library/TinyTeX/texmf-dist/tex/generic/iftex/iftex.sty
Package: iftex 2022/02/03 v1.0f TeX engine tests
)) (/Users/mariajosezunigabasualto/Library/TinyTeX/texmf-dist/tex/generic/iftex/ifluatex.sty
Package: ifluatex 2019/10/25 v1.5 ifluatex legacy package. Use iftex instead.
) (/Users/mariajosezunigabasualto/Library/TinyTeX/texmf-dist/tex/latex/base/fontenc.sty
Package: fontenc 2021/04/29 v2.0v Standard LaTeX package
LaTeX Font Info:    Trying to load font information for T1+lmr on input line 112.
(/Users/mariajosezunigabasualto/Library/TinyTeX/texmf-dist/tex/latex/lm/t1lmr.fd
File: t1lmr.fd 2015/05/01 v1.6.1 Font defs for Latin Modern
)) (/Users/mariajosezunigabasualto/Library/TinyTeX/texmf-dist/tex/latex/base/inputenc.sty
Package: inputenc 2021/02/14 v1.3d Input encoding file
\inpenc@prehook=\toks22
\inpenc@posthook=\toks23
) (/Users/mariajosezunigabasualto/Library/TinyTeX/texmf-dist/tex/latex/base/textcomp.sty
Package: textcomp 2020/02/02 v2.0n Standard LaTeX package
) (/Users/mariajosezunigabasualto/Library/TinyTeX/texmf-dist/tex/latex/microtype/microtype.sty
Package: microtype 2022/06/23 v3.0f Micro-typographical refinements (RS)
(/Users/mariajosezunigabasualto/Library/TinyTeX/texmf-dist/tex/latex/graphics/keyval.sty
Package: keyval 2022/05/29 v1.15 key=value parser (DPC)
\KV@toks@=\toks24
) (/Users/mariajosezunigabasualto/Library/TinyTeX/texmf-dist/tex/latex/etoolbox/etoolbox.sty
Package: etoolbox 2020/10/05 v2.5k e-TeX tools for LaTeX (JAW)
\etb@tempcnta=\count271
)
\MT@toks=\toks25
\MT@tempbox=\box53
\MT@count=\count272
LaTeX Info: Redefining \noprotrusionifhmode on input line 1045.
LaTeX Info: Redefining \leftprotrusion on input line 1046.
LaTeX Info: Redefining \rightprotrusion on input line 1056.
LaTeX Info: Redefining \textls on input line 1234.
\MT@outer@kern=\dimen148
LaTeX Info: Redefining \textmicrotypecontext on input line 1858.
\MT@listname@count=\count273
(/Users/mariajosezunigabasualto/Library/TinyTeX/texmf-dist/tex/latex/microtype/microtype-pdftex.def
File: microtype-pdftex.def 2022/06/23 v3.0f Definitions specific to pdftex (RS)
LaTeX Info: Redefining \lsstyle on input line 900.
LaTeX Info: Redefining \lslig on input line 900.
\MT@outer@space=\skip52
)
Package microtype Info: Loading configuration file microtype.cfg.
(/Users/mariajosezunigabasualto/Library/TinyTeX/texmf-dist/tex/latex/microtype/microtype.cfg
File: microtype.cfg 2022/06/23 v3.0f microtype main configuration file (RS)
)) (/Users/mariajosezunigabasualto/Library/TinyTeX/texmf-dist/tex/latex/parskip/parskip.sty
Package: parskip 2021-03-14 v2.0h non-zero parskip adjustments
(/Users/mariajosezunigabasualto/Library/TinyTeX/texmf-dist/tex/latex/kvoptions/kvoptions.sty
Package: kvoptions 2022-06-15 v3.15 Key value format for package options (HO)
(/Users/mariajosezunigabasualto/Library/TinyTeX/texmf-dist/tex/generic/ltxcmds/ltxcmds.sty
Package: ltxcmds 2020-05-10 v1.25 LaTeX kernel commands for general use (HO)
) (/Users/mariajosezunigabasualto/Library/TinyTeX/texmf-dist/tex/generic/kvsetkeys/kvsetkeys.sty
Package: kvsetkeys 2019/12/15 v1.18 Key value parser (HO)
))) (/Users/mariajosezunigabasualto/Library/TinyTeX/texmf-dist/tex/latex/xcolor/xcolor.sty
Package: xcolor 2022/06/12 v2.14 LaTeX color extensions (UK)
(/Users/mariajosezunigabasualto/Library/TinyTeX/texmf-dist/tex/latex/graphics-cfg/color.cfg
File: color.cfg 2016/01/02 v1.6 sample color configuration
)
Package xcolor Info: Driver file: pdftex.def on input line 227.
(/Users/mariajosezunigabasualto/Library/TinyTeX/texmf-dist/tex/latex/graphics-def/pdftex.def
File: pdftex.def 2020/10/05 v1.2a Graphics/color driver for pdftex
) (/Users/mariajosezunigabasualto/Library/TinyTeX/texmf-dist/tex/latex/graphics/mathcolor.ltx)
Package xcolor Info: Model `cmy' substituted by `cmy0' on input line 1353.
Package xcolor Info: Model `hsb' substituted by `rgb' on input line 1357.
Package xcolor Info: Model `RGB' extended on input line 1369.
Package xcolor Info: Model `HTML' substituted by `rgb' on input line 1371.
Package xcolor Info: Model `Hsb' substituted by `hsb' on input line 1372.
Package xcolor Info: Model `tHsb' substituted by `hsb' on input line 1373.
Package xcolor Info: Model `HSB' substituted by `hsb' on input line 1374.
Package xcolor Info: Model `Gray' substituted by `gray' on input line 1375.
Package xcolor Info: Model `wave' substituted by `hsb' on input line 1376.
(/Users/mariajosezunigabasualto/Library/TinyTeX/texmf-dist/tex/latex/graphics/dvipsnam.def
File: dvipsnam.def 2016/06/17 v3.0m Driver-dependent file (DPC,SPQR)
) (/Users/mariajosezunigabasualto/Library/TinyTeX/texmf-dist/tex/latex/xcolor/svgnam.def
File: svgnam.def 2022/06/12 v2.14 Predefined colors according to SVG 1.1 (UK)
) (/Users/mariajosezunigabasualto/Library/TinyTeX/texmf-dist/tex/latex/xcolor/x11nam.def
File: x11nam.def 2022/06/12 v2.14 Predefined colors according to Unix/X11 (UK)
)) (/Users/mariajosezunigabasualto/Library/TinyTeX/texmf-dist/tex/latex/hyperref/hyperref.sty
Package: hyperref 2022-06-20 v7.00s Hypertext links for LaTeX
(/Users/mariajosezunigabasualto/Library/TinyTeX/texmf-dist/tex/generic/pdftexcmds/pdftexcmds.sty
Package: pdftexcmds 2020-06-27 v0.33 Utility functions of pdfTeX for LuaTeX (HO)
(/Users/mariajosezunigabasualto/Library/TinyTeX/texmf-dist/tex/generic/infwarerr/infwarerr.sty
Package: infwarerr 2019/12/03 v1.5 Providing info/warning/error messages (HO)
)
Package pdftexcmds Info: \pdf@primitive is available.
Package pdftexcmds Info: \pdf@ifprimitive is available.
Package pdftexcmds Info: \pdfdraftmode found.
) (/Users/mariajosezunigabasualto/Library/TinyTeX/texmf-dist/tex/generic/kvdefinekeys/kvdefinekeys.sty
Package: kvdefinekeys 2019-12-19 v1.6 Define keys (HO)
) (/Users/mariajosezunigabasualto/Library/TinyTeX/texmf-dist/tex/generic/pdfescape/pdfescape.sty
Package: pdfescape 2019/12/09 v1.15 Implements pdfTeX's escape features (HO)
) (/Users/mariajosezunigabasualto/Library/TinyTeX/texmf-dist/tex/latex/hycolor/hycolor.sty
Package: hycolor 2020-01-27 v1.10 Color options for hyperref/bookmark (HO)
) (/Users/mariajosezunigabasualto/Library/TinyTeX/texmf-dist/tex/latex/letltxmacro/letltxmacro.sty
Package: letltxmacro 2019/12/03 v1.6 Let assignment for LaTeX macros (HO)
) (/Users/mariajosezunigabasualto/Library/TinyTeX/texmf-dist/tex/latex/auxhook/auxhook.sty
Package: auxhook 2019-12-17 v1.6 Hooks for auxiliary files (HO)
) (/Users/mariajosezunigabasualto/Library/TinyTeX/texmf-dist/tex/latex/hyperref/nameref.sty
Package: nameref 2022-05-17 v2.50 Cross-referencing by name of section
(/Users/mariajosezunigabasualto/Library/TinyTeX/texmf-dist/tex/latex/refcount/refcount.sty
Package: refcount 2019/12/15 v3.6 Data extraction from label references (HO)
) (/Users/mariajosezunigabasualto/Library/TinyTeX/texmf-dist/tex/generic/gettitlestring/gettitlestring.sty
Package: gettitlestring 2019/12/15 v1.6 Cleanup title references (HO)
)
\c@section@level=\count274
)
\@linkdim=\dimen149
\Hy@linkcounter=\count275
\Hy@pagecounter=\count276
(/Users/mariajosezunigabasualto/Library/TinyTeX/texmf-dist/tex/latex/hyperref/pd1enc.def
File: pd1enc.def 2022-06-20 v7.00s Hyperref: PDFDocEncoding definition (HO)
Now handling font encoding PD1 ...
... no UTF-8 mapping file for font encoding PD1
) (/Users/mariajosezunigabasualto/Library/TinyTeX/texmf-dist/tex/generic/intcalc/intcalc.sty
Package: intcalc 2019/12/15 v1.3 Expandable calculations with integers (HO)
) (/Users/mariajosezunigabasualto/Library/TinyTeX/texmf-dist/tex/generic/etexcmds/etexcmds.sty
Package: etexcmds 2019/12/15 v1.7 Avoid name clashes with e-TeX commands (HO)
)
\Hy@SavedSpaceFactor=\count277
(/Users/mariajosezunigabasualto/Library/TinyTeX/texmf-dist/tex/latex/hyperref/puenc.def
File: puenc.def 2022-06-20 v7.00s Hyperref: PDF Unicode definition (HO)
Now handling font encoding PU ...
... no UTF-8 mapping file for font encoding PU
)
Package hyperref Info: Option `unicode' set `true' on input line 4045.
Package hyperref Info: Hyper figures OFF on input line 4162.
Package hyperref Info: Link nesting OFF on input line 4167.
Package hyperref Info: Hyper index ON on input line 4170.
Package hyperref Info: Plain pages OFF on input line 4177.
Package hyperref Info: Backreferencing OFF on input line 4182.
Package hyperref Info: Implicit mode ON; LaTeX internals redefined.
Package hyperref Info: Bookmarks ON on input line 4408.
\c@Hy@tempcnt=\count278
(/Users/mariajosezunigabasualto/Library/TinyTeX/texmf-dist/tex/latex/url/url.sty
\Urlmuskip=\muskip17
Package: url 2013/09/16  ver 3.4  Verb mode for urls, etc.
)
LaTeX Info: Redefining \url on input line 4746.
\XeTeXLinkMargin=\dimen150
(/Users/mariajosezunigabasualto/Library/TinyTeX/texmf-dist/tex/generic/bitset/bitset.sty
Package: bitset 2019/12/09 v1.3 Handle bit-vector datatype (HO)
(/Users/mariajosezunigabasualto/Library/TinyTeX/texmf-dist/tex/generic/bigintcalc/bigintcalc.sty
Package: bigintcalc 2019/12/15 v1.5 Expandable calculations on big integers (HO)
))
\Fld@menulength=\count279
\Field@Width=\dimen151
\Fld@charsize=\dimen152
Package hyperref Info: Hyper figures OFF on input line 6024.
Package hyperref Info: Link nesting OFF on input line 6029.
Package hyperref Info: Hyper index ON on input line 6032.
Package hyperref Info: backreferencing OFF on input line 6039.
Package hyperref Info: Link coloring OFF on input line 6044.
Package hyperref Info: Link coloring with OCG OFF on input line 6049.
Package hyperref Info: PDF/A mode OFF on input line 6054.
(/Users/mariajosezunigabasualto/Library/TinyTeX/texmf-dist/tex/latex/base/atbegshi-ltx.sty
Package: atbegshi-ltx 2021/01/10 v1.0c Emulation of the original atbegshi
package with kernel methods
)
\Hy@abspage=\count280
\c@Item=\count281
\c@Hfootnote=\count282
)
Package hyperref Info: Driver (autodetected): hpdftex.
(/Users/mariajosezunigabasualto/Library/TinyTeX/texmf-dist/tex/latex/hyperref/hpdftex.def
File: hpdftex.def 2022-06-20 v7.00s Hyperref driver for pdfTeX
(/Users/mariajosezunigabasualto/Library/TinyTeX/texmf-dist/tex/latex/base/atveryend-ltx.sty
Package: atveryend-ltx 2020/08/19 v1.0a Emulation of the original atveryend package
with kernel methods
)
\Fld@listcount=\count283
\c@bookmark@seq@number=\count284
(/Users/mariajosezunigabasualto/Library/TinyTeX/texmf-dist/tex/latex/rerunfilecheck/rerunfilecheck.sty
Package: rerunfilecheck 2022-07-10 v1.10 Rerun checks for auxiliary files (HO)
(/Users/mariajosezunigabasualto/Library/TinyTeX/texmf-dist/tex/generic/uniquecounter/uniquecounter.sty
Package: uniquecounter 2019/12/15 v1.4 Provide unlimited unique counter (HO)
)
Package uniquecounter Info: New unique counter `rerunfilecheck' on input line 285.
)
\Hy@SectionHShift=\skip53
)
Package hyperref Info: Option `colorlinks' set `true' on input line 47.
(/Users/mariajosezunigabasualto/Library/TinyTeX/texmf-dist/tex/latex/geometry/geometry.sty
Package: geometry 2020/01/02 v5.9 Page Geometry
(/Users/mariajosezunigabasualto/Library/TinyTeX/texmf-dist/tex/generic/iftex/ifvtex.sty
Package: ifvtex 2019/10/25 v1.7 ifvtex legacy package. Use iftex instead.
)
\Gm@cnth=\count285
\Gm@cntv=\count286
\c@Gm@tempcnt=\count287
\Gm@bindingoffset=\dimen153
\Gm@wd@mp=\dimen154
\Gm@odd@mp=\dimen155
\Gm@even@mp=\dimen156
\Gm@layoutwidth=\dimen157
\Gm@layoutheight=\dimen158
\Gm@layouthoffset=\dimen159
\Gm@layoutvoffset=\dimen160
\Gm@dimlist=\toks26
) (/Users/mariajosezunigabasualto/Library/TinyTeX/texmf-dist/tex/latex/graphics/graphicx.sty
Package: graphicx 2021/09/16 v1.2d Enhanced LaTeX Graphics (DPC,SPQR)
(/Users/mariajosezunigabasualto/Library/TinyTeX/texmf-dist/tex/latex/graphics/graphics.sty
Package: graphics 2022/03/10 v1.4e Standard LaTeX Graphics (DPC,SPQR)
(/Users/mariajosezunigabasualto/Library/TinyTeX/texmf-dist/tex/latex/graphics/trig.sty
Package: trig 2021/08/11 v1.11 sin cos tan (DPC)
) (/Users/mariajosezunigabasualto/Library/TinyTeX/texmf-dist/tex/latex/graphics-cfg/graphics.cfg
File: graphics.cfg 2016/06/04 v1.11 sample graphics configuration
)
Package graphics Info: Driver file: pdftex.def on input line 107.
)
\Gin@req@height=\dimen161
\Gin@req@width=\dimen162
) (/Users/mariajosezunigabasualto/Library/TinyTeX/texmf-dist/tex/latex/draftwatermark/draftwatermark.sty
Package: draftwatermark 2020/12/08 3.0 Put a gray textual watermark on document pages
) (/Users/mariajosezunigabasualto/Library/TinyTeX/texmf-dist/tex/generic/babel/babel.sty
Package: babel 2022/08/29 3.79 The Babel package
\babel@savecnt=\count288
\U@D=\dimen163
\l@unhyphenated=\language4
(/Users/mariajosezunigabasualto/Library/TinyTeX/texmf-dist/tex/generic/babel/txtbabel.def)
\bbl@readstream=\read2
\bbl@dirlevel=\count289
(/Users/mariajosezunigabasualto/Library/TinyTeX/texmf-dist/tex/generic/babel-spanish/spanish.ldf
Language: spanish.ldf 2021/05/27 v5.0q Spanish support from the babel system
\es@quottoks=\toks27
\es@quotdepth=\count290
Package babel Info: Making " an active character on input line 570.
Package babel Info: Making . an active character on input line 675.
Package babel Info: Making < an active character on input line 722.
Package babel Info: Making > an active character on input line 722.
)) (/Users/mariajosezunigabasualto/Library/TinyTeX/texmf-dist/tex/generic/babel/locale/es/babel-spanish.tex
Package babel Info: Importing font and identification data for spanish
(babel)             from babel-es.ini. Reported on input line 11.
) (/Users/mariajosezunigabasualto/Library/TinyTeX/texmf-dist/tex/latex/setspace/setspace.sty
Package: setspace 2011/12/19 v6.7a set line spacing
) (/Users/mariajosezunigabasualto/Library/TinyTeX/texmf-dist/tex/latex/fancyhdr/fancyhdr.sty
Package: fancyhdr 2022/05/18 v4.0.3 Extensive control of page headers and footers
\f@nch@headwidth=\skip54
\f@nch@O@elh=\skip55
\f@nch@O@erh=\skip56
\f@nch@O@olh=\skip57
\f@nch@O@orh=\skip58
\f@nch@O@elf=\skip59
\f@nch@O@erf=\skip60
\f@nch@O@olf=\skip61
\f@nch@O@orf=\skip62
) (/Users/mariajosezunigabasualto/Library/TinyTeX/texmf-dist/tex/latex/caption/caption.sty
Package: caption 2022/03/01 v3.6b Customizing captions (AR)
(/Users/mariajosezunigabasualto/Library/TinyTeX/texmf-dist/tex/latex/caption/caption3.sty
Package: caption3 2022/03/17 v2.3b caption3 kernel (AR)
\caption@tempdima=\dimen164
\captionmargin=\dimen165
\caption@leftmargin=\dimen166
\caption@rightmargin=\dimen167
\caption@width=\dimen168
\caption@indent=\dimen169
\caption@parindent=\dimen170
\caption@hangindent=\dimen171
Package caption Info: Standard document class detected.
)
\c@caption@flags=\count291
\c@continuedfloat=\count292
Package caption Info: hyperref package is loaded.
) (/Users/mariajosezunigabasualto/Library/TinyTeX/texmf-dist/tex/latex/psnfss/helvet.sty
Package: helvet 2020/03/25 PSNFSS-v9.3 (WaS) 
) (/Users/mariajosezunigabasualto/Library/TinyTeX/texmf-dist/tex/latex/multirow/multirow.sty
Package: multirow 2021/03/15 v2.8 Span multiple rows of a table
\multirow@colwidth=\skip63
\multirow@cntb=\count293
\multirow@dima=\skip64
\bigstrutjot=\dimen172
) (/Users/mariajosezunigabasualto/Library/TinyTeX/texmf-dist/tex/latex/natbib/natbib.sty
Package: natbib 2010/09/13 8.31b (PWD, AO)
\bibhang=\skip65
\bibsep=\skip66
LaTeX Info: Redefining \cite on input line 694.
\c@NAT@ctr=\count294
) (/Users/mariajosezunigabasualto/Library/TinyTeX/texmf-dist/tex/latex/colortbl/colortbl.sty
Package: colortbl 2022/06/20 v1.0f Color table columns (DPC)
(/Users/mariajosezunigabasualto/Library/TinyTeX/texmf-dist/tex/latex/tools/array.sty
Package: array 2022/03/10 v2.5f Tabular extension package (FMi)
\col@sep=\dimen173
\ar@mcellbox=\box54
\extrarowheight=\dimen174
\NC@list=\toks28
\extratabsurround=\skip67
\backup@length=\skip68
\ar@cellbox=\box55
)
\everycr=\toks29
\minrowclearance=\skip69
\rownum=\count295
)

Package fancyhdr Warning: \fancyhead's `E' option without twoside option is useless on input line 98.


Package fancyhdr Warning: \fancyhead's `E' option without twoside option is useless on input line 99.


Package fancyhdr Warning: \fancyhead's `E' option without twoside option is useless on input line 100.

(/Users/mariajosezunigabasualto/Library/TinyTeX/texmf-dist/tex/latex/base/flafter.sty
Package: flafter 2021/07/31 v1.4e Standard LaTeX floats after reference (FMi)
Applying: [2015/01/01] float order in 2-column on input line 49.
Already applied: [0000/00/00] float order in 2-column on input line 151.
) (/Users/mariajosezunigabasualto/Library/TinyTeX/texmf-dist/tex/latex/booktabs/booktabs.sty
Package: booktabs 2020/01/12 v1.61803398 Publication quality tables
\heavyrulewidth=\dimen175
\lightrulewidth=\dimen176
\cmidrulewidth=\dimen177
\belowrulesep=\dimen178
\belowbottomsep=\dimen179
\aboverulesep=\dimen180
\abovetopsep=\dimen181
\cmidrulesep=\dimen182
\cmidrulekern=\dimen183
\defaultaddspace=\dimen184
\@cmidla=\count296
\@cmidlb=\count297
\@aboverulesep=\dimen185
\@belowrulesep=\dimen186
\@thisruleclass=\count298
\@lastruleclass=\count299
\@thisrulewidth=\dimen187
) (/Users/mariajosezunigabasualto/Library/TinyTeX/texmf-dist/tex/latex/tools/longtable.sty
Package: longtable 2021-09-01 v4.17 Multi-page Table package (DPC)
\LTleft=\skip70
\LTright=\skip71
\LTpre=\skip72
\LTpost=\skip73
\LTchunksize=\count300
\LTcapwidth=\dimen188
\LT@head=\box56
\LT@firsthead=\box57
\LT@foot=\box58
\LT@lastfoot=\box59
\LT@gbox=\box60
\LT@cols=\count301
\LT@rows=\count302
\c@LT@tables=\count303
\c@LT@chunks=\count304
\LT@p@ftn=\toks30
) (/Users/mariajosezunigabasualto/Library/TinyTeX/texmf-dist/tex/latex/wrapfig/wrapfig.sty
\wrapoverhang=\dimen189
\WF@size=\dimen190
\c@WF@wrappedlines=\count305
\WF@box=\box61
\WF@everypar=\toks31
Package: wrapfig 2003/01/31  v 3.6
) (/Users/mariajosezunigabasualto/Library/TinyTeX/texmf-dist/tex/latex/float/float.sty
Package: float 2001/11/08 v1.3d Float enhancements (AL)
\c@float@type=\count306
\float@exts=\toks32
\float@box=\box62
\@float@everytoks=\toks33
\@floatcapt=\box63
) (/Users/mariajosezunigabasualto/Library/TinyTeX/texmf-dist/tex/latex/pdflscape/pdflscape.sty
Package: pdflscape 2019/12/05 v0.12 Display of landscape pages in PDF (HO)
(/Users/mariajosezunigabasualto/Library/TinyTeX/texmf-dist/tex/latex/graphics/lscape.sty
Package: lscape 2020/05/28 v3.02 Landscape Pages (DPC)
)
Package pdflscape Info: Auto-detected driver: pdftex on input line 81.
) (/Users/mariajosezunigabasualto/Library/TinyTeX/texmf-dist/tex/latex/tabu/tabu.sty
Package: tabu 2019/01/11 v2.9 - flexible LaTeX tabulars (FC+tabu-fixed)
(/Users/mariajosezunigabasualto/Library/TinyTeX/texmf-dist/tex/latex/varwidth/varwidth.sty
Package: varwidth 2009/03/30 ver 0.92;  Variable-width minipages
\@vwid@box=\box64
\sift@deathcycles=\count307
\@vwid@loff=\dimen191
\@vwid@roff=\dimen192
)
\c@taburow=\count308
\tabu@nbcols=\count309
\tabu@cnt=\count310
\tabu@Xcol=\count311
\tabu@alloc=\count312
\tabu@nested=\count313
\tabu@target=\dimen193
\tabu@spreadtarget=\dimen194
\tabu@naturalX=\dimen195
\tabucolX=\dimen196
\tabu@Xsum=\dimen197
\extrarowdepth=\dimen198
\abovetabulinesep=\dimen199
\belowtabulinesep=\dimen256
\tabustrutrule=\dimen257
\tabu@thebody=\toks34
\tabu@footnotes=\toks35
\tabu@box=\box65
\tabu@arstrutbox=\box66
\tabu@hleads=\box67
\tabu@vleads=\box68
\tabu@cellskip=\skip74
) (/Users/mariajosezunigabasualto/Library/TinyTeX/texmf-dist/tex/latex/threeparttable/threeparttable.sty
Package: threeparttable 2003/06/13  v 3.0
\@tempboxb=\box69
) (/Users/mariajosezunigabasualto/Library/TinyTeX/texmf-dist/tex/latex/threeparttablex/threeparttablex.sty
Package: threeparttablex 2013/07/23 v0.3 by daleif
(/Users/mariajosezunigabasualto/Library/TinyTeX/texmf-dist/tex/latex/environ/environ.sty
Package: environ 2014/05/04 v0.3 A new way to define environments
(/Users/mariajosezunigabasualto/Library/TinyTeX/texmf-dist/tex/latex/trimspaces/trimspaces.sty
Package: trimspaces 2009/09/17 v1.1 Trim spaces around a token list
))
\TPTL@width=\skip75
) (/Users/mariajosezunigabasualto/Library/TinyTeX/texmf-dist/tex/generic/ulem/ulem.sty
\UL@box=\box70
\UL@hyphenbox=\box71
\UL@skip=\skip76
\UL@hook=\toks36
\UL@height=\dimen258
\UL@pe=\count314
\UL@pixel=\dimen259
\ULC@box=\box72
Package: ulem 2019/11/18
\ULdepth=\dimen260
) (/Users/mariajosezunigabasualto/Library/TinyTeX/texmf-dist/tex/latex/makecell/makecell.sty
Package: makecell 2009/08/03 V0.1e Managing of Tab Column Heads and Cells
\rotheadsize=\dimen261
\c@nlinenum=\count315
\TeXr@lab=\toks37
)
\cslhangindent=\skip77
LaTeX Font Info:    Trying to load font information for T1+phv on input line 138.
(/Users/mariajosezunigabasualto/Library/TinyTeX/texmf-dist/tex/latex/psnfss/t1phv.fd
File: t1phv.fd 2020/03/25 scalable font definitions for T1/phv.
) (/Users/mariajosezunigabasualto/Library/TinyTeX/texmf-dist/tex/latex/l3backend/l3backend-pdftex.def
File: l3backend-pdftex.def 2022-08-30 L3 backend support: PDF output (pdfTeX)
\l__color_backend_stack_int=\count316
\l__pdf_internal_box=\box73
) (./FigyTab_PrimerInforme.aux
LaTeX Info: Redefining \. on input line 22.
LaTeX Info: Redefining \% on input line 22.
)
\openout1 = `FigyTab_PrimerInforme.aux'.

LaTeX Font Info:    Checking defaults for OML/cmm/m/it on input line 138.
LaTeX Font Info:    ... okay on input line 138.
LaTeX Font Info:    Checking defaults for OMS/cmsy/m/n on input line 138.
LaTeX Font Info:    ... okay on input line 138.
LaTeX Font Info:    Checking defaults for OT1/cmr/m/n on input line 138.
LaTeX Font Info:    ... okay on input line 138.
LaTeX Font Info:    Checking defaults for T1/cmr/m/n on input line 138.
LaTeX Font Info:    ... okay on input line 138.
LaTeX Font Info:    Checking defaults for TS1/cmr/m/n on input line 138.
LaTeX Font Info:    ... okay on input line 138.
LaTeX Font Info:    Checking defaults for OMX/cmex/m/n on input line 138.
LaTeX Font Info:    ... okay on input line 138.
LaTeX Font Info:    Checking defaults for U/cmr/m/n on input line 138.
LaTeX Font Info:    ... okay on input line 138.
LaTeX Font Info:    Checking defaults for PD1/pdf/m/n on input line 138.
LaTeX Font Info:    ... okay on input line 138.
LaTeX Font Info:    Checking defaults for PU/pdf/m/n on input line 138.
LaTeX Font Info:    ... okay on input line 138.
LaTeX Info: Redefining \microtypecontext on input line 138.
Package microtype Info: Applying patch `item' on input line 138.
Package microtype Info: Applying patch `toc' on input line 138.
Package microtype Info: Applying patch `eqnum' on input line 138.

Package microtype Warning: Unable to apply patch `footnote' on input line 138.

Package microtype Info: Generating PDF output.
Package microtype Info: Character protrusion enabled (level 2).
Package microtype Info: Using protrusion set `basicmath'.
Package microtype Info: Automatic font expansion enabled (level 2),
(microtype)             stretch: 20, shrink: 20, step: 1, non-selected.
Package microtype Info: Using default expansion set `alltext-nott'.
LaTeX Info: Redefining \showhyphens on input line 138.
Package microtype Info: No adjustment of tracking.
Package microtype Info: No adjustment of interword spacing.
Package microtype Info: No adjustment of character kerning.
Package microtype Info: Loading generic protrusion settings for font family
(microtype)             `phv' (encoding: T1).
(microtype)             For optimal results, create family-specific settings.
(microtype)             See the microtype manual for details.
(/Users/mariajosezunigabasualto/Library/TinyTeX/texmf-dist/tex/latex/epstopdf-pkg/epstopdf-base.sty
Package: epstopdf-base 2020-01-24 v2.11 Base part for package epstopdf
Package epstopdf-base Info: Redefining graphics rule for `.eps' on input line 485.
(/Users/mariajosezunigabasualto/Library/TinyTeX/texmf-dist/tex/latex/latexconfig/epstopdf-sys.cfg
File: epstopdf-sys.cfg 2010/07/13 v1.3 Configuration of (r)epstopdf for TeX Live
))
Package hyperref Info: Link coloring ON on input line 138.
(./FigyTab_PrimerInforme.out) (./FigyTab_PrimerInforme.out)
\@outlinefile=\write3
\openout3 = `FigyTab_PrimerInforme.out'.

*geometry* driver: auto-detecting
*geometry* detected driver: pdftex
*geometry* verbose mode - [ preamble ] result:
* driver: pdftex
* paper: <default>
* layout: <same size as paper>
* layoutoffset:(h,v)=(0.0pt,0.0pt)
* modes: 
* h-part:(L,W,R)=(71.13188pt, 472.03123pt, 71.13188pt)
* v-part:(T,H,B)=(42.67912pt, 723.83812pt, 28.45274pt)
* \paperwidth=614.295pt
* \paperheight=794.96999pt
* \textwidth=472.03123pt
* \textheight=658.0pt
* \oddsidemargin=-1.1381pt
* \evensidemargin=-1.1381pt
* \topmargin=-66.59087pt
* \headheight=70.0pt
* \headsep=25.0pt
* \topskip=10.0pt
* \footskip=5.0pt
* \marginparwidth=65.0pt
* \marginparsep=11.0pt
* \columnsep=10.0pt
* \skip\footins=9.0pt plus 4.0pt minus 2.0pt
* \hoffset=0.0pt
* \voffset=0.0pt
* \mag=1000
* \@twocolumnfalse
* \@twosidefalse
* \@mparswitchfalse
* \@reversemarginfalse
* (1in=72.27pt=25.4mm, 1cm=28.453pt)

LaTeX Info: Redefining \. on input line 138.
LaTeX Info: Redefining \% on input line 138.
Package caption Info: Begin \AtBeginDocument code.
Package caption Info: float package is loaded.
Package caption Info: longtable package is loaded.
(/Users/mariajosezunigabasualto/Library/TinyTeX/texmf-dist/tex/latex/caption/ltcaption.sty
Package: ltcaption 2021/01/08 v1.4c longtable captions (AR)
)
Package caption Info: threeparttable package is loaded.
Package caption Info: wrapfig package is loaded.
Package caption Info: End \AtBeginDocument code.
LaTeX Font Info:    Trying to load font information for OT1+lmr on input line 140.
(/Users/mariajosezunigabasualto/Library/TinyTeX/texmf-dist/tex/latex/lm/ot1lmr.fd
File: ot1lmr.fd 2015/05/01 v1.6.1 Font defs for Latin Modern
) (/Users/mariajosezunigabasualto/Library/TinyTeX/texmf-dist/tex/latex/microtype/mt-cmr.cfg
File: mt-cmr.cfg 2013/05/19 v2.2 microtype config. file: Computer Modern Roman (RS)
)
LaTeX Font Info:    Trying to load font information for OML+lmm on input line 140.
(/Users/mariajosezunigabasualto/Library/TinyTeX/texmf-dist/tex/latex/lm/omllmm.fd
File: omllmm.fd 2015/05/01 v1.6.1 Font defs for Latin Modern
)
LaTeX Font Info:    Trying to load font information for OMS+lmsy on input line 140.
(/Users/mariajosezunigabasualto/Library/TinyTeX/texmf-dist/tex/latex/lm/omslmsy.fd
File: omslmsy.fd 2015/05/01 v1.6.1 Font defs for Latin Modern
)
LaTeX Font Info:    Trying to load font information for OMX+lmex on input line 140.
(/Users/mariajosezunigabasualto/Library/TinyTeX/texmf-dist/tex/latex/lm/omxlmex.fd
File: omxlmex.fd 2015/05/01 v1.6.1 Font defs for Latin Modern
)
LaTeX Font Info:    External font `lmex10' loaded for size
(Font)              <12> on input line 140.
LaTeX Font Info:    External font `lmex10' loaded for size
(Font)              <8> on input line 140.
LaTeX Font Info:    External font `lmex10' loaded for size
(Font)              <6> on input line 140.
LaTeX Font Info:    Trying to load font information for U+msa on input line 140.
(/Users/mariajosezunigabasualto/Library/TinyTeX/texmf-dist/tex/latex/amsfonts/umsa.fd
File: umsa.fd 2013/01/14 v3.01 AMS symbols A
) (/Users/mariajosezunigabasualto/Library/TinyTeX/texmf-dist/tex/latex/microtype/mt-msa.cfg
File: mt-msa.cfg 2006/02/04 v1.1 microtype config. file: AMS symbols (a) (RS)
)
LaTeX Font Info:    Trying to load font information for U+msb on input line 140.
(/Users/mariajosezunigabasualto/Library/TinyTeX/texmf-dist/tex/latex/amsfonts/umsb.fd
File: umsb.fd 2013/01/14 v3.01 AMS symbols B
) (/Users/mariajosezunigabasualto/Library/TinyTeX/texmf-dist/tex/latex/microtype/mt-msb.cfg
File: mt-msb.cfg 2005/06/01 v1.0 microtype config. file: AMS symbols (b) (RS)
) [1

{/Users/mariajosezunigabasualto/Library/TinyTeX/texmf-var/fonts/map/pdftex/updmap/pdftex.map}]
LaTeX Font Info:    External font `lmex10' loaded for size
(Font)              <10> on input line 181.
LaTeX Font Info:    External font `lmex10' loaded for size
(Font)              <7> on input line 181.
LaTeX Font Info:    External font `lmex10' loaded for size
(Font)              <5> on input line 181.
<Figuras/logoifop.png, id=58, 125.5089pt x 151.767pt>
File: Figuras/logoifop.png Graphic file (type png)
<use Figuras/logoifop.png>
Package pdftex.def Info: Figuras/logoifop.png  used on input line 224.
(pdftex.def)             Requested size: 35.29353pt x 42.6774pt.

Package fancyhdr Warning: \footskip is too small (5.0pt): 
(fancyhdr)                Make it at least 7.875pt, for example:
(fancyhdr)                \setlength{\footskip}{7.875pt}.

[2 <./Figuras/logoifop.png>]
File: Figuras/logoifop.png Graphic file (type png)
<use Figuras/logoifop.png>
Package pdftex.def Info: Figuras/logoifop.png  used on input line 294.
(pdftex.def)             Requested size: 35.29353pt x 42.6774pt.

Package fancyhdr Warning: \footskip is too small (5.0pt): 
(fancyhdr)                Make it at least 7.875pt, for example:
(fancyhdr)                \setlength{\footskip}{7.875pt}.

[3]
File: Figuras/logoifop.png Graphic file (type png)
<use Figuras/logoifop.png>
Package pdftex.def Info: Figuras/logoifop.png  used on input line 372.
(pdftex.def)             Requested size: 35.29353pt x 42.6774pt.

Package fancyhdr Warning: \footskip is too small (5.0pt): 
(fancyhdr)                Make it at least 7.875pt, for example:
(fancyhdr)                \setlength{\footskip}{7.875pt}.

[4]
LaTeX Font Info:    Trying to load font information for TS1+phv on input line 419.
(/Users/mariajosezunigabasualto/Library/TinyTeX/texmf-dist/tex/latex/psnfss/ts1phv.fd
File: ts1phv.fd 2020/03/25 scalable font definitions for TS1/phv.
)
File: Figuras/logoifop.png Graphic file (type png)
<use Figuras/logoifop.png>
Package pdftex.def Info: Figuras/logoifop.png  used on input line 447.
(pdftex.def)             Requested size: 35.29353pt x 42.6774pt.

Package fancyhdr Warning: \footskip is too small (5.0pt): 
(fancyhdr)                Make it at least 7.67097pt, for example:
(fancyhdr)                \setlength{\footskip}{7.67097pt}.

[5]
File: Figuras/logoifop.png Graphic file (type png)
<use Figuras/logoifop.png>
Package pdftex.def Info: Figuras/logoifop.png  used on input line 527.
(pdftex.def)             Requested size: 35.29353pt x 42.6774pt.

Package fancyhdr Warning: \footskip is too small (5.0pt): 
(fancyhdr)                Make it at least 7.875pt, for example:
(fancyhdr)                \setlength{\footskip}{7.875pt}.

[6]
File: Figuras/logoifop.png Graphic file (type png)
<use Figuras/logoifop.png>
Package pdftex.def Info: Figuras/logoifop.png  used on input line 555.
(pdftex.def)             Requested size: 35.29353pt x 42.6774pt.

Package fancyhdr Warning: \footskip is too small (5.0pt): 
(fancyhdr)                Make it at least 7.67097pt, for example:
(fancyhdr)                \setlength{\footskip}{7.67097pt}.

[7]
<Figuras/Fig19-1.pdf, id=173, 578.16pt x 325.215pt>
File: Figuras/Fig19-1.pdf Graphic file (type pdf)
<use Figuras/Fig19-1.pdf>
Package pdftex.def Info: Figuras/Fig19-1.pdf  used on input line 561.
(pdftex.def)             Requested size: 472.02992pt x 265.51683pt.
File: Figuras/logoifop.png Graphic file (type png)
<use Figuras/logoifop.png>
Package pdftex.def Info: Figuras/logoifop.png  used on input line 569.
(pdftex.def)             Requested size: 35.29353pt x 42.6774pt.

Package fancyhdr Warning: \footskip is too small (5.0pt): 
(fancyhdr)                Make it at least 7.875pt, for example:
(fancyhdr)                \setlength{\footskip}{7.875pt}.

[8 <./Figuras/Fig19-1.pdf>]
<Figuras/Fig20-1.pdf, id=185, 361.35pt x 578.16pt>
File: Figuras/Fig20-1.pdf Graphic file (type pdf)
<use Figuras/Fig20-1.pdf>
Package pdftex.def Info: Figuras/Fig20-1.pdf  used on input line 572.
(pdftex.def)             Requested size: 361.34912pt x 578.15858pt.
<Figuras/Fig21-1.pdf, id=186, 650.43pt x 289.08pt>
File: Figuras/Fig21-1.pdf Graphic file (type pdf)
<use Figuras/Fig21-1.pdf>
Package pdftex.def Info: Figuras/Fig21-1.pdf  used on input line 581.
(pdftex.def)             Requested size: 472.04094pt x 209.79596pt.
<Figuras/Fig22-1.pdf, id=187, 650.43pt x 433.62pt>
File: Figuras/Fig22-1.pdf Graphic file (type pdf)
<use Figuras/Fig22-1.pdf>
Package pdftex.def Info: Figuras/Fig22-1.pdf  used on input line 585.
(pdftex.def)             Requested size: 472.04094pt x 314.69397pt.
File: Figuras/logoifop.png Graphic file (type png)
<use Figuras/logoifop.png>
Package pdftex.def Info: Figuras/logoifop.png  used on input line 593.
(pdftex.def)             Requested size: 35.29353pt x 42.6774pt.

Package fancyhdr Warning: \footskip is too small (5.0pt): 
(fancyhdr)                Make it at least 7.875pt, for example:
(fancyhdr)                \setlength{\footskip}{7.875pt}.

[9 <./Figuras/Fig21-1.pdf>]
File: Figuras/logoifop.png Graphic file (type png)
<use Figuras/logoifop.png>
Package pdftex.def Info: Figuras/logoifop.png  used on input line 593.
(pdftex.def)             Requested size: 35.29353pt x 42.6774pt.

Package fancyhdr Warning: \footskip is too small (5.0pt): 
(fancyhdr)                Make it at least 7.875pt, for example:
(fancyhdr)                \setlength{\footskip}{7.875pt}.

[10 <./Figuras/Fig20-1.pdf>]
File: Figuras/logoifop.png Graphic file (type png)
<use Figuras/logoifop.png>
Package pdftex.def Info: Figuras/logoifop.png  used on input line 593.
(pdftex.def)             Requested size: 35.29353pt x 42.6774pt.

Package fancyhdr Warning: \footskip is too small (5.0pt): 
(fancyhdr)                Make it at least 7.875pt, for example:
(fancyhdr)                \setlength{\footskip}{7.875pt}.

[11 <./Figuras/Fig22-1.pdf>]
<Figuras/Fig23-1.pdf, id=219, 650.43pt x 289.08pt>
File: Figuras/Fig23-1.pdf Graphic file (type pdf)
<use Figuras/Fig23-1.pdf>
Package pdftex.def Info: Figuras/Fig23-1.pdf  used on input line 594.
(pdftex.def)             Requested size: 472.04094pt x 209.79596pt.
<Figuras/Fig24-1.pdf, id=220, 650.43pt x 433.62pt>
File: Figuras/Fig24-1.pdf Graphic file (type pdf)
<use Figuras/Fig24-1.pdf>
Package pdftex.def Info: Figuras/Fig24-1.pdf  used on input line 598.
(pdftex.def)             Requested size: 472.04094pt x 314.69397pt.
File: Figuras/logoifop.png Graphic file (type png)
<use Figuras/logoifop.png>
Package pdftex.def Info: Figuras/logoifop.png  used on input line 606.
(pdftex.def)             Requested size: 35.29353pt x 42.6774pt.

Package fancyhdr Warning: \footskip is too small (5.0pt): 
(fancyhdr)                Make it at least 7.875pt, for example:
(fancyhdr)                \setlength{\footskip}{7.875pt}.

[12 <./Figuras/Fig23-1.pdf> <./Figuras/Fig24-1.pdf>]
<Figuras/Fig_ajusteindices_sardcom-1.pdf, id=239, 469.755pt x 411.5375pt>
File: Figuras/Fig_ajusteindices_sardcom-1.pdf Graphic file (type pdf)
<use Figuras/Fig_ajusteindices_sardcom-1.pdf>
Package pdftex.def Info: Figuras/Fig_ajusteindices_sardcom-1.pdf  used on input line 611.
(pdftex.def)             Requested size: 469.75386pt x 411.5365pt.
File: Figuras/logoifop.png Graphic file (type png)
<use Figuras/logoifop.png>
Package pdftex.def Info: Figuras/logoifop.png  used on input line 619.
(pdftex.def)             Requested size: 35.29353pt x 42.6774pt.

Package fancyhdr Warning: \footskip is too small (5.0pt): 
(fancyhdr)                Make it at least 7.875pt, for example:
(fancyhdr)                \setlength{\footskip}{7.875pt}.

[13 <./Figuras/Fig_ajusteindices_sardcom-1.pdf>]
<Figuras/Fig_residuosIndices_sardcom-1.pdf, id=250, 469.755pt x 411.5375pt>
File: Figuras/Fig_residuosIndices_sardcom-1.pdf Graphic file (type pdf)
<use Figuras/Fig_residuosIndices_sardcom-1.pdf>
Package pdftex.def Info: Figuras/Fig_residuosIndices_sardcom-1.pdf  used on input line 624.
(pdftex.def)             Requested size: 469.75386pt x 411.5365pt.
File: Figuras/logoifop.png Graphic file (type png)
<use Figuras/logoifop.png>
Package pdftex.def Info: Figuras/logoifop.png  used on input line 632.
(pdftex.def)             Requested size: 35.29353pt x 42.6774pt.

Package fancyhdr Warning: \footskip is too small (5.0pt): 
(fancyhdr)                Make it at least 7.875pt, for example:
(fancyhdr)                \setlength{\footskip}{7.875pt}.

[14 <./Figuras/Fig_residuosIndices_sardcom-1.pdf>]
<Figuras/Fig28-1.pdf, id=263, 578.16pt x 505.89pt>
File: Figuras/Fig28-1.pdf Graphic file (type pdf)
<use Figuras/Fig28-1.pdf>
Package pdftex.def Info: Figuras/Fig28-1.pdf  used on input line 635.
(pdftex.def)             Requested size: 472.02992pt x 413.02617pt.
File: Figuras/logoifop.png Graphic file (type png)
<use Figuras/logoifop.png>
Package pdftex.def Info: Figuras/logoifop.png  used on input line 642.
(pdftex.def)             Requested size: 35.29353pt x 42.6774pt.

Package fancyhdr Warning: \footskip is too small (5.0pt): 
(fancyhdr)                Make it at least 7.875pt, for example:
(fancyhdr)                \setlength{\footskip}{7.875pt}.

[15 <./Figuras/Fig28-1.pdf>]
<Figuras/Fig29-1.pdf, id=273, 578.16pt x 505.89pt>
File: Figuras/Fig29-1.pdf Graphic file (type pdf)
<use Figuras/Fig29-1.pdf>
Package pdftex.def Info: Figuras/Fig29-1.pdf  used on input line 645.
(pdftex.def)             Requested size: 472.02992pt x 413.02617pt.
File: Figuras/logoifop.png Graphic file (type png)
<use Figuras/logoifop.png>
Package pdftex.def Info: Figuras/logoifop.png  used on input line 653.
(pdftex.def)             Requested size: 35.29353pt x 42.6774pt.

Package fancyhdr Warning: \footskip is too small (5.0pt): 
(fancyhdr)                Make it at least 7.875pt, for example:
(fancyhdr)                \setlength{\footskip}{7.875pt}.

[16 <./Figuras/Fig29-1.pdf>]
<Figuras/Fig30-1.pdf, id=283, 578.16pt x 505.89pt>
File: Figuras/Fig30-1.pdf Graphic file (type pdf)
<use Figuras/Fig30-1.pdf>
Package pdftex.def Info: Figuras/Fig30-1.pdf  used on input line 656.
(pdftex.def)             Requested size: 472.02992pt x 413.02617pt.
File: Figuras/logoifop.png Graphic file (type png)
<use Figuras/logoifop.png>
Package pdftex.def Info: Figuras/logoifop.png  used on input line 664.
(pdftex.def)             Requested size: 35.29353pt x 42.6774pt.

Package fancyhdr Warning: \footskip is too small (5.0pt): 
(fancyhdr)                Make it at least 7.875pt, for example:
(fancyhdr)                \setlength{\footskip}{7.875pt}.

[17 <./Figuras/Fig30-1.pdf>]
<Figuras/Fig31-1.pdf, id=294, 722.7pt x 361.35pt>
File: Figuras/Fig31-1.pdf Graphic file (type pdf)
<use Figuras/Fig31-1.pdf>
Package pdftex.def Info: Figuras/Fig31-1.pdf  used on input line 667.
(pdftex.def)             Requested size: 472.03212pt x 236.01607pt.
File: Figuras/logoifop.png Graphic file (type png)
<use Figuras/logoifop.png>
Package pdftex.def Info: Figuras/logoifop.png  used on input line 675.
(pdftex.def)             Requested size: 35.29353pt x 42.6774pt.

Package fancyhdr Warning: \footskip is too small (5.0pt): 
(fancyhdr)                Make it at least 7.875pt, for example:
(fancyhdr)                \setlength{\footskip}{7.875pt}.

[18 <./Figuras/Fig31-1.pdf>]
<Figuras/Fig32-1.pdf, id=304, 505.89pt x 505.89pt>
File: Figuras/Fig32-1.pdf Graphic file (type pdf)
<use Figuras/Fig32-1.pdf>
Package pdftex.def Info: Figuras/Fig32-1.pdf  used on input line 679.
(pdftex.def)             Requested size: 472.03983pt x 472.03983pt.
LaTeX Font Info:    External font `lmex10' loaded for size
(Font)              <9> on input line 683.

LaTeX Warning: Command \~ invalid in math mode on input line 683.


LaTeX Warning: Command \~ invalid in math mode on input line 683.

File: Figuras/logoifop.png Graphic file (type png)
<use Figuras/logoifop.png>
Package pdftex.def Info: Figuras/logoifop.png  used on input line 687.
(pdftex.def)             Requested size: 35.29353pt x 42.6774pt.

Package fancyhdr Warning: \footskip is too small (5.0pt): 
(fancyhdr)                Make it at least 7.875pt, for example:
(fancyhdr)                \setlength{\footskip}{7.875pt}.

[19 <./Figuras/Fig32-1.pdf>]
<Figuras/Fig33-1.pdf, id=322, 722.7pt x 722.7pt>
File: Figuras/Fig33-1.pdf Graphic file (type pdf)
<use Figuras/Fig33-1.pdf>
Package pdftex.def Info: Figuras/Fig33-1.pdf  used on input line 689.
(pdftex.def)             Requested size: 472.03212pt x 472.03212pt.
File: Figuras/logoifop.png Graphic file (type png)
<use Figuras/logoifop.png>
Package pdftex.def Info: Figuras/logoifop.png  used on input line 697.
(pdftex.def)             Requested size: 35.29353pt x 42.6774pt.

Package fancyhdr Warning: \footskip is too small (5.0pt): 
(fancyhdr)                Make it at least 7.875pt, for example:
(fancyhdr)                \setlength{\footskip}{7.875pt}.

[20 <./Figuras/Fig33-1.pdf>]
<Figuras/Fig_Vesorimilitud_Sardcomun-1.pdf, id=335, 505.89pt x 289.08pt>
File: Figuras/Fig_Vesorimilitud_Sardcomun-1.pdf Graphic file (type pdf)
<use Figuras/Fig_Vesorimilitud_Sardcomun-1.pdf>
Package pdftex.def Info: Figuras/Fig_Vesorimilitud_Sardcomun-1.pdf  used on input line 699.
(pdftex.def)             Requested size: 472.03983pt x 269.73705pt.
File: Figuras/logoifop.png Graphic file (type png)
<use Figuras/logoifop.png>
Package pdftex.def Info: Figuras/logoifop.png  used on input line 707.
(pdftex.def)             Requested size: 35.29353pt x 42.6774pt.

Package fancyhdr Warning: \footskip is too small (5.0pt): 
(fancyhdr)                Make it at least 7.875pt, for example:
(fancyhdr)                \setlength{\footskip}{7.875pt}.

[21 <./Figuras/Fig_Vesorimilitud_Sardcomun-1.pdf>]
<Figuras/Fig35-1.pdf, id=345, 578.16pt x 433.62pt>
File: Figuras/Fig35-1.pdf Graphic file (type pdf)
<use Figuras/Fig35-1.pdf>
Package pdftex.def Info: Figuras/Fig35-1.pdf  used on input line 711.
(pdftex.def)             Requested size: 472.02992pt x 354.02245pt.
File: Figuras/logoifop.png Graphic file (type png)
<use Figuras/logoifop.png>
Package pdftex.def Info: Figuras/logoifop.png  used on input line 719.
(pdftex.def)             Requested size: 35.29353pt x 42.6774pt.

Package fancyhdr Warning: \footskip is too small (5.0pt): 
(fancyhdr)                Make it at least 7.875pt, for example:
(fancyhdr)                \setlength{\footskip}{7.875pt}.

[22 <./Figuras/Fig35-1.pdf>]
<Figuras/Fig36-1.pdf, id=358, 252.945pt x 252.945pt>
File: Figuras/Fig36-1.pdf Graphic file (type pdf)
<use Figuras/Fig36-1.pdf>
Package pdftex.def Info: Figuras/Fig36-1.pdf  used on input line 721.
(pdftex.def)             Requested size: 252.94823pt x 252.94823pt.
File: Figuras/logoifop.png Graphic file (type png)
<use Figuras/logoifop.png>
Package pdftex.def Info: Figuras/logoifop.png  used on input line 729.
(pdftex.def)             Requested size: 35.29353pt x 42.6774pt.

Package fancyhdr Warning: \footskip is too small (5.0pt): 
(fancyhdr)                Make it at least 7.875pt, for example:
(fancyhdr)                \setlength{\footskip}{7.875pt}.

[23 <./Figuras/Fig36-1.pdf>]
<Figuras/Fig37-1.pdf, id=368, 650.43pt x 325.215pt>
File: Figuras/Fig37-1.pdf Graphic file (type pdf)
<use Figuras/Fig37-1.pdf>
Package pdftex.def Info: Figuras/Fig37-1.pdf  used on input line 731.
(pdftex.def)             Requested size: 472.04094pt x 236.02046pt.
<Figuras/Fig38-1.pdf, id=369, 542.025pt x 252.945pt>
File: Figuras/Fig38-1.pdf Graphic file (type pdf)
<use Figuras/Fig38-1.pdf>
Package pdftex.def Info: Figuras/Fig38-1.pdf  used on input line 740.
(pdftex.def)             Requested size: 472.0459pt x 220.28809pt.
File: Figuras/logoifop.png Graphic file (type png)
<use Figuras/logoifop.png>
Package pdftex.def Info: Figuras/logoifop.png  used on input line 748.
(pdftex.def)             Requested size: 35.29353pt x 42.6774pt.

Package fancyhdr Warning: \footskip is too small (5.0pt): 
(fancyhdr)                Make it at least 7.875pt, for example:
(fancyhdr)                \setlength{\footskip}{7.875pt}.

[24 <./Figuras/Fig37-1.pdf> <./Figuras/Fig38-1.pdf>]
<Figuras/Fig39-1.pdf, id=388, 578.16pt x 469.755pt>
File: Figuras/Fig39-1.pdf Graphic file (type pdf)
<use Figuras/Fig39-1.pdf>
Package pdftex.def Info: Figuras/Fig39-1.pdf  used on input line 750.
(pdftex.def)             Requested size: 472.02992pt x 383.52432pt.
File: Figuras/logoifop.png Graphic file (type png)
<use Figuras/logoifop.png>
Package pdftex.def Info: Figuras/logoifop.png  used on input line 758.
(pdftex.def)             Requested size: 35.29353pt x 42.6774pt.

Package fancyhdr Warning: \footskip is too small (5.0pt): 
(fancyhdr)                Make it at least 7.875pt, for example:
(fancyhdr)                \setlength{\footskip}{7.875pt}.

[25 <./Figuras/Fig39-1.pdf>]
<Figuras/Fig40-1.pdf, id=404, 289.08pt x 289.08pt>
File: Figuras/Fig40-1.pdf Graphic file (type pdf)
<use Figuras/Fig40-1.pdf>
Package pdftex.def Info: Figuras/Fig40-1.pdf  used on input line 761.
(pdftex.def)             Requested size: 289.09251pt x 289.09251pt.
LaTeX Font Info:    Font shape `T1/phv/m/it' in size <9> not available
(Font)              Font shape `T1/phv/m/sl' tried instead on input line 765.
File: Figuras/logoifop.png Graphic file (type png)
<use Figuras/logoifop.png>
Package pdftex.def Info: Figuras/logoifop.png  used on input line 769.
(pdftex.def)             Requested size: 35.29353pt x 42.6774pt.

Package fancyhdr Warning: \footskip is too small (5.0pt): 
(fancyhdr)                Make it at least 7.875pt, for example:
(fancyhdr)                \setlength{\footskip}{7.875pt}.

[26 <./Figuras/Fig40-1.pdf>]
<Figuras/Fig34a-1.pdf, id=416, 650.43pt x 505.89pt>
File: Figuras/Fig34a-1.pdf Graphic file (type pdf)
<use Figuras/Fig34a-1.pdf>
Package pdftex.def Info: Figuras/Fig34a-1.pdf  used on input line 772.
(pdftex.def)             Requested size: 472.04094pt x 367.14294pt.
File: Figuras/logoifop.png Graphic file (type png)
<use Figuras/logoifop.png>
Package pdftex.def Info: Figuras/logoifop.png  used on input line 780.
(pdftex.def)             Requested size: 35.29353pt x 42.6774pt.

Package fancyhdr Warning: \footskip is too small (5.0pt): 
(fancyhdr)                Make it at least 7.875pt, for example:
(fancyhdr)                \setlength{\footskip}{7.875pt}.

[27 <./Figuras/Fig34a-1.pdf>]
<Figuras/Fig45a_sept-1.pdf, id=427, 158.5925pt x 165.61874pt>
File: Figuras/Fig45a_sept-1.pdf Graphic file (type pdf)
<use Figuras/Fig45a_sept-1.pdf>
Package pdftex.def Info: Figuras/Fig45a_sept-1.pdf  used on input line 781.
(pdftex.def)             Requested size: 158.59933pt x 165.6259pt.
<Figuras/Fig45b_sept-1.pdf, id=428, 158.5925pt x 165.61874pt>
File: Figuras/Fig45b_sept-1.pdf Graphic file (type pdf)
<use Figuras/Fig45b_sept-1.pdf>
Package pdftex.def Info: Figuras/Fig45b_sept-1.pdf  used on input line 783.
(pdftex.def)             Requested size: 158.59933pt x 165.6259pt.
<Figuras/Fig45c_sept-1.pdf, id=429, 158.5925pt x 165.61874pt>
File: Figuras/Fig45c_sept-1.pdf Graphic file (type pdf)
<use Figuras/Fig45c_sept-1.pdf>
Package pdftex.def Info: Figuras/Fig45c_sept-1.pdf  used on input line 787.
(pdftex.def)             Requested size: 158.59933pt x 165.6259pt.
File: Figuras/logoifop.png Graphic file (type png)
<use Figuras/logoifop.png>
Package pdftex.def Info: Figuras/logoifop.png  used on input line 795.
(pdftex.def)             Requested size: 35.29353pt x 42.6774pt.

Package fancyhdr Warning: \footskip is too small (5.0pt): 
(fancyhdr)                Make it at least 7.875pt, for example:
(fancyhdr)                \setlength{\footskip}{7.875pt}.

[28 <./Figuras/Fig45a_sept-1.pdf> <./Figuras/Fig45b_sept-1.pdf> <./Figuras/Fig45c_sept-1.pdf>]
<Figuras/Fig27_CBAedad-1.pdf, id=449, 722.7pt x 361.35pt>
File: Figuras/Fig27_CBAedad-1.pdf Graphic file (type pdf)
<use Figuras/Fig27_CBAedad-1.pdf>
Package pdftex.def Info: Figuras/Fig27_CBAedad-1.pdf  used on input line 797.
(pdftex.def)             Requested size: 472.03212pt x 236.01607pt.
<Figuras/Fig27_CBA-1.pdf, id=450, 722.7pt x 361.35pt>
File: Figuras/Fig27_CBA-1.pdf Graphic file (type pdf)
<use Figuras/Fig27_CBA-1.pdf>
Package pdftex.def Info: Figuras/Fig27_CBA-1.pdf  used on input line 806.
(pdftex.def)             Requested size: 472.03212pt x 236.01607pt.
File: Figuras/logoifop.png Graphic file (type png)
<use Figuras/logoifop.png>
Package pdftex.def Info: Figuras/logoifop.png  used on input line 814.
(pdftex.def)             Requested size: 35.29353pt x 42.6774pt.

Package fancyhdr Warning: \footskip is too small (5.0pt): 
(fancyhdr)                Make it at least 7.875pt, for example:
(fancyhdr)                \setlength{\footskip}{7.875pt}.

[29 <./Figuras/Fig27_CBAedad-1.pdf> <./Figuras/Fig27_CBA-1.pdf>]
File: Figuras/logoifop.png Graphic file (type png)
<use Figuras/logoifop.png>
Package pdftex.def Info: Figuras/logoifop.png  used on input line 884.
(pdftex.def)             Requested size: 35.29353pt x 42.6774pt.

Package fancyhdr Warning: \footskip is too small (5.0pt): 
(fancyhdr)                Make it at least 7.875pt, for example:
(fancyhdr)                \setlength{\footskip}{7.875pt}.

[30]
File: Figuras/logoifop.png Graphic file (type png)
<use Figuras/logoifop.png>
Package pdftex.def Info: Figuras/logoifop.png  used on input line 938.
(pdftex.def)             Requested size: 35.29353pt x 42.6774pt.

Package fancyhdr Warning: \footskip is too small (5.0pt): 
(fancyhdr)                Make it at least 7.875pt, for example:
(fancyhdr)                \setlength{\footskip}{7.875pt}.

[31]
File: Figuras/logoifop.png Graphic file (type png)
<use Figuras/logoifop.png>
Package pdftex.def Info: Figuras/logoifop.png  used on input line 991.
(pdftex.def)             Requested size: 35.29353pt x 42.6774pt.

Package fancyhdr Warning: \footskip is too small (5.0pt): 
(fancyhdr)                Make it at least 7.875pt, for example:
(fancyhdr)                \setlength{\footskip}{7.875pt}.

[32]
File: Figuras/logoifop.png Graphic file (type png)
<use Figuras/logoifop.png>
Package pdftex.def Info: Figuras/logoifop.png  used on input line 1043.
(pdftex.def)             Requested size: 35.29353pt x 42.6774pt.

Package fancyhdr Warning: \footskip is too small (5.0pt): 
(fancyhdr)                Make it at least 7.875pt, for example:
(fancyhdr)                \setlength{\footskip}{7.875pt}.

[33]

LaTeX Warning: Command \' invalid in math mode on input line 1091.

File: Figuras/logoifop.png Graphic file (type png)
<use Figuras/logoifop.png>
Package pdftex.def Info: Figuras/logoifop.png  used on input line 1108.
(pdftex.def)             Requested size: 35.29353pt x 42.6774pt.

Package fancyhdr Warning: \footskip is too small (5.0pt): 
(fancyhdr)                Make it at least 7.875pt, for example:
(fancyhdr)                \setlength{\footskip}{7.875pt}.

[34]

LaTeX Warning: Command \' invalid in math mode on input line 1127.

File: Figuras/logoifop.png Graphic file (type png)
<use Figuras/logoifop.png>
Package pdftex.def Info: Figuras/logoifop.png  used on input line 1159.
(pdftex.def)             Requested size: 35.29353pt x 42.6774pt.

Package fancyhdr Warning: \footskip is too small (5.0pt): 
(fancyhdr)                Make it at least 7.875pt, for example:
(fancyhdr)                \setlength{\footskip}{7.875pt}.

[35]
File: Figuras/logoifop.png Graphic file (type png)
<use Figuras/logoifop.png>
Package pdftex.def Info: Figuras/logoifop.png  used on input line 1229.
(pdftex.def)             Requested size: 35.29353pt x 42.6774pt.

Package fancyhdr Warning: \footskip is too small (5.0pt): 
(fancyhdr)                Make it at least 7.875pt, for example:
(fancyhdr)                \setlength{\footskip}{7.875pt}.

[36]
LaTeX Font Info:    Font shape `T1/phv/m/it' in size <10> not available
(Font)              Font shape `T1/phv/m/sl' tried instead on input line 1244.

Underfull \hbox (badness 10000) in paragraph at lines 1236--1246
\T1/phv/m/n/10 (+13) biologicos _ de _ referencia _ Rendimiento _ Maximo _ Sostenible _ en _ las _ pesquerias _ nacionales _ Review _
 []

File: Figuras/logoifop.png Graphic file (type png)
<use Figuras/logoifop.png>
Package pdftex.def Info: Figuras/logoifop.png  used on input line 1248.
(pdftex.def)             Requested size: 35.29353pt x 42.6774pt.

Package fancyhdr Warning: \footskip is too small (5.0pt): 
(fancyhdr)                Make it at least 7.875pt, for example:
(fancyhdr)                \setlength{\footskip}{7.875pt}.

[37] (./FigyTab_PrimerInforme.aux
LaTeX Info: Redefining \. on input line 22.
LaTeX Info: Redefining \% on input line 22.
)
Package rerunfilecheck Info: File `FigyTab_PrimerInforme.out' has not changed.
(rerunfilecheck)             Checksum: 679F8B3A89FA2CF95840AC4E203B9695;1813.
 ) 
Here is how much of TeX's memory you used:
 18754 strings out of 477017
 313171 string characters out of 5825064
 738774 words of memory out of 5000000
 39026 multiletter control sequences out of 15000+600000
 557428 words of font info for 348 fonts, out of 8000000 for 9000
 14 hyphenation exceptions out of 8191
 60i,17n,67p,1018b,471s stack positions out of 10000i,1000n,20000p,200000b,200000s
{/Users/mariajosezunigabasualto/Library/TinyTeX/texmf-dist/fonts/enc/dvips/lm/lm-mathsy.enc}{/Users/mariajosezunigabasualto/Library/TinyTeX/texmf-dist/fonts/enc/dvips/lm/lm-mathit.enc}{/Users/mariajosezunigabasualto/Library/TinyTeX/texmf-dist/fonts/enc/dvips/lm/lm-rm.enc}{/Users/mariajosezunigabasualto/Library/TinyTeX/texmf-dist/fonts/enc/dvips/base/8r.enc}</Users/mariajosezunigabasualto/Library/TinyTeX/texmf-dist/fonts/type1/public/lm/lmmi10.pfb></Users/mariajosezunigabasualto/Library/TinyTeX/texmf-dist/fonts/type1/public/lm/lmmi5.pfb></Users/mariajosezunigabasualto/Library/TinyTeX/texmf-dist/fonts/type1/public/lm/lmmi6.pfb></Users/mariajosezunigabasualto/Library/TinyTeX/texmf-dist/fonts/type1/public/lm/lmmi7.pfb></Users/mariajosezunigabasualto/Library/TinyTeX/texmf-dist/fonts/type1/public/lm/lmmi8.pfb></Users/mariajosezunigabasualto/Library/TinyTeX/texmf-dist/fonts/type1/public/lm/lmmi9.pfb></Users/mariajosezunigabasualto/Library/TinyTeX/texmf-dist/fonts/type1/public/lm/lmr10.pfb></Users/mariajosezunigabasualto/Library/TinyTeX/texmf-dist/fonts/type1/public/lm/lmr6.pfb></Users/mariajosezunigabasualto/Library/TinyTeX/texmf-dist/fonts/type1/public/lm/lmr7.pfb></Users/mariajosezunigabasualto/Library/TinyTeX/texmf-dist/fonts/type1/public/lm/lmr8.pfb></Users/mariajosezunigabasualto/Library/TinyTeX/texmf-dist/fonts/type1/public/lm/lmr9.pfb></Users/mariajosezunigabasualto/Library/TinyTeX/texmf-dist/fonts/type1/public/lm/lmsy10.pfb></Users/mariajosezunigabasualto/Library/TinyTeX/texmf-dist/fonts/type1/public/lm/lmsy6.pfb></Users/mariajosezunigabasualto/Library/TinyTeX/texmf-dist/fonts/type1/public/lm/lmsy7.pfb></Users/mariajosezunigabasualto/Library/TinyTeX/texmf-dist/fonts/type1/urw/helvetic/uhvb8a.pfb></Users/mariajosezunigabasualto/Library/TinyTeX/texmf-dist/fonts/type1/urw/helvetic/uhvr8a.pfb></Users/mariajosezunigabasualto/Library/TinyTeX/texmf-dist/fonts/type1/urw/helvetic/uhvro8a.pfb>
Output written on FigyTab_PrimerInforme.pdf (37 pages, 1214726 bytes).
PDF statistics:
 617 PDF objects out of 1000 (max. 8388607)
 483 compressed objects within 5 object streams
 96 named destinations out of 1000 (max. 500000)
 73949 words of extra memory for PDF output out of 74296 (max. 10000000)

